<?xml version="1.0" encoding="UTF-8"?>
<!-- Generated by org.testng.reporters.JUnitReportReporter -->
<testsuite hostname="DESKTOP-V64OAAK" failures="0" tests="2" name="RahulShettyFrameWork.SubmitOrderTest" time="229.555" errors="0" timestamp="27 Aug 2024 18:39:46 GMT" skipped="0">
  <testcase classname="RahulShettyFrameWork.SubmitOrderTest" name="productValidation" time="104.884"/>
  <testcase classname="RahulShettyFrameWork.SubmitOrderTest" name="productValidation" time="124.671"/>
</testsuite> <!-- RahulShettyFrameWork.SubmitOrderTest -->
